<?xml version="1.0" encoding="UTF-8"?>
<beans xmlns="http://www.springframework.org/schema/beans"
       xmlns:xsi="http://www.w3.org/2001/XMLSchema-instance"
       xmlns:security="http://www.springframework.org/schema/security"
       xsi:schemaLocation="http://www.springframework.org/schema/beans http://www.springframework.org/schema/beans/spring-beans-3.2.xsd

		http://www.springframework.org/schema/security http://www.springframework.org/schema/security/spring-security-3.1.xsd">

    <security:authentication-manager alias="authenticationManager" erase-credentials="true">
        <security:authentication-provider>
            <security:jdbc-user-service data-source-ref="dataSource"
                                        users-by-username-query="select email 'username' , password , 1 'enabled' , case bloqueado when 0 then 1 else 0 end 'accountNonLocked' from usuario where email = ?"
                                        authorities-by-username-query="select email 'username' , 'USUARIO' as 'rolename' from usuario where email = ?"/>
            <security:password-encoder hash="md5"/>
        </security:authentication-provider>
    </security:authentication-manager>

</beans>